<?xml version="1.0" encoding="UTF-8" ?>
<testsuite tests="12" failures="0" name="com.clean.architecture.tuto.core.use.cases.personne.CreatePersonUseCaseTest" time="0.508" errors="0" skipped="0">
  <properties>
[...]
</properties>
  <testcase classname="com.clean.architecture.tuto.core.use.cases.personne.CreatePersonUseCaseTest" name="should_throw_business_exception_when_age_is_lte_0" time="0.484"/>
  <testcase classname="com.clean.architecture.tuto.core.use.cases.personne.CreatePersonUseCaseTest" name="should_throw_business_exception_when_lastname_is_lt_2" time="0"/>
  <testcase classname="com.clean.architecture.tuto.core.use.cases.personne.CreatePersonUseCaseTest" name="should_throw_business_exception_when_lastname_is_null" time="0.001"/>
  <testcase classname="com.clean.architecture.tuto.core.use.cases.personne.CreatePersonUseCaseTest" name="should_return_person_when_creation_is_a_success" time="0.018"/>
  <testcase classname="com.clean.architecture.tuto.core.use.cases.personne.CreatePersonUseCaseTest" name="should_throw_business_exception_when_age_is_null" time="0.001"/>
  <testcase classname="com.clean.architecture.tuto.core.use.cases.personne.CreatePersonUseCaseTest" name="should_throw_business_exception_when_lastname_is_empty" time="0.001"/>
  <testcase classname="com.clean.architecture.tuto.core.use.cases.personne.CreatePersonUseCaseTest" name="should_throw_business_exception_when_lastname_is_gt_30" time="0"/>
  <testcase classname="com.clean.architecture.tuto.core.use.cases.personne.CreatePersonUseCaseTest" name="should_throw_business_exception_when_firstname_is_lt_2" time="0"/>
  <testcase classname="com.clean.architecture.tuto.core.use.cases.personne.CreatePersonUseCaseTest" name="should_throw_business_exception_when_firstname_is_null" time="0.001"/>
  <testcase classname="com.clean.architecture.tuto.core.use.cases.personne.CreatePersonUseCaseTest" name="should_throw_business_exception_when_firstname_is_empty" time="0.001"/>
  <testcase classname="com.clean.architecture.tuto.core.use.cases.personne.CreatePersonUseCaseTest" name="should_throw_business_exception_when_firstname_is_gt_40" time="0"/>
  <testcase classname="com.clean.architecture.tuto.core.use.cases.personne.CreatePersonUseCaseTest" name="should_throw_business_exception_when_lastname_is_lt_2_and_firstname_is_lt_2" time="0.001"/>
</testsuite>